<?xml version="1.0" encoding="UTF-8" ?>
<testsuite tests="6" failures="0" name="com.example.LionTest" time="0.003" errors="0" skipped="0">
  <properties>
    <property name="idea.version" value="2022.2.2"/>
    <property name="java.runtime.name" value="OpenJDK Runtime Environment"/>
    <property name="java.vm.version" value="18.0.2+9-FR"/>
    <property name="sun.boot.library.path" value="/home/polina/.jdks/corretto-18.0.2/lib"/>
    <property name="maven.multiModuleProjectDirectory" value="/home/polina/workspace/petproject/qa_java"/>
    <property name="java.vm.vendor" value="Amazon.com Inc."/>
    <property name="java.vendor.url" value="https://aws.amazon.com/corretto/"/>
    <property name="guice.disable.misplaced.annotation.check" value="true"/>
    <property name="path.separator" value=":"/>
    <property name="java.vm.name" value="OpenJDK 64-Bit Server VM"/>
    <property name="user.country" value="US"/>
    <property name="sun.java.launcher" value="SUN_STANDARD"/>
    <property name="java.vm.specification.name" value="Java Virtual Machine Specification"/>
    <property name="user.dir" value="/home/polina/workspace/petproject/qa_java"/>
    <property name="java.vm.compressedOopsMode" value="Zero based"/>
    <property name="java.runtime.version" value="18.0.2+9-FR"/>
    <property name="os.arch" value="amd64"/>
    <property name="java.io.tmpdir" value="/tmp"/>
    <property name="line.separator" value="
"/>
    <property name="java.vm.specification.vendor" value="Oracle Corporation"/>
    <property name="os.name" value="Linux"/>
    <property name="maven.ext.class.path" value="/snap/intellij-idea-community/387/plugins/maven/lib/maven-event-listener.jar"/>
    <property name="classworlds.conf" value="/snap/intellij-idea-community/387/plugins/maven/lib/maven3/bin/m2.conf"/>
    <property name="sun.jnu.encoding" value="UTF-8"/>
    <property name="java.library.path" value="/usr/java/packages/lib:/usr/lib64:/lib64:/lib:/usr/lib"/>
    <property name="maven.conf" value="/snap/intellij-idea-community/387/plugins/maven/lib/maven3/conf"/>
    <property name="jdk.debug" value="release"/>
    <property name="java.class.version" value="62.0"/>
    <property name="java.specification.name" value="Java Platform API Specification"/>
    <property name="sun.management.compiler" value="HotSpot 64-Bit Tiered Compilers"/>
    <property name="os.version" value="5.15.0-48-generic"/>
    <property name="user.home" value="/home/polina"/>
    <property name="user.timezone" value="Asia/Irkutsk"/>
    <property name="file.encoding" value="UTF-8"/>
    <property name="java.specification.version" value="18"/>
    <property name="user.name" value="polina"/>
    <property name="java.class.path" value="/snap/intellij-idea-community/387/plugins/maven/lib/maven3/boot/plexus-classworlds-2.6.0.jar:/snap/intellij-idea-community/387/plugins/maven/lib/maven3/boot/plexus-classworlds.license"/>
    <property name="java.vm.specification.version" value="18"/>
    <property name="sun.arch.data.model" value="64"/>
    <property name="sun.java.command" value="org.codehaus.classworlds.Launcher -Didea.version=2022.2.2 verify"/>
    <property name="java.home" value="/home/polina/.jdks/corretto-18.0.2"/>
    <property name="user.language" value="en"/>
    <property name="java.specification.vendor" value="Oracle Corporation"/>
    <property name="java.vm.info" value="mixed mode, sharing"/>
    <property name="java.version" value="18.0.2"/>
    <property name="native.encoding" value="UTF-8"/>
    <property name="securerandom.source" value="file:/dev/./urandom"/>
    <property name="java.vendor" value="Amazon.com Inc."/>
    <property name="sun.stderr.encoding" value="UTF-8"/>
    <property name="maven.home" value="/snap/intellij-idea-community/387/plugins/maven/lib/maven3"/>
    <property name="file.separator" value="/"/>
    <property name="java.version.date" value="2022-07-19"/>
    <property name="java.vendor.url.bug" value="https://github.com/corretto/corretto-18/issues/"/>
    <property name="sun.io.unicode.encoding" value="UnicodeLittle"/>
    <property name="sun.cpu.endian" value="little"/>
    <property name="java.vendor.version" value="Corretto-18.0.2.9.1"/>
    <property name="sun.stdout.encoding" value="UTF-8"/>
  </properties>
  <testcase classname="com.example.LionTest" name="testLionExeptionSex" time="0"/>
  <testcase classname="com.example.LionTest" name="testLionGetKittens" time="0"/>
  <testcase classname="com.example.LionTest" name="testLionDoesHaveMane" time="0"/>
  <testcase classname="com.example.LionTest" name="testLionTrueSex" time="0"/>
  <testcase classname="com.example.LionTest" name="testLionGetFood" time="0.003"/>
  <testcase classname="com.example.LionTest" name="testLionFalseSex" time="0"/>
</testsuite>